[0.007s] Invoking command in '/home/avent/Public/MyProjects/FishBot/ROS2/build/fishbot_description': CMAKE_PREFIX_PATH=/opt/ros/humble /usr/bin/cmake /home/avent/Public/MyProjects/FishBot/ROS2/src/fishbot_description -DCMAKE_INSTALL_PREFIX=/home/avent/Public/MyProjects/FishBot/ROS2/install/fishbot_description
[0.041s] -- The C compiler identification is GNU 11.3.0
[0.079s] -- The CXX compiler identification is GNU 11.3.0
[0.083s] -- Detecting C compiler ABI info
[0.131s] -- Detecting C compiler ABI info - done
[0.138s] -- Check for working C compiler: /usr/bin/cc - skipped
[0.139s] -- Detecting C compile features
[0.139s] -- Detecting C compile features - done
[0.143s] -- Detecting CXX compiler ABI info
[0.215s] -- Detecting CXX compiler ABI info - done
[0.219s] -- Check for working CXX compiler: /usr/bin/c++ - skipped
[0.219s] -- Detecting CXX compile features
[0.219s] -- Detecting CXX compile features - done
[0.221s] -- Found ament_cmake: 1.3.4 (/opt/ros/humble/share/ament_cmake/cmake)
[0.328s] -- Found Python3: /usr/bin/python3.10 (found version "3.10.6") found components: Interpreter 
[0.387s] -- Found rclcpp: 16.0.4 (/opt/ros/humble/share/rclcpp/cmake)
[0.423s] -- Found rosidl_generator_c: 3.1.4 (/opt/ros/humble/share/rosidl_generator_c/cmake)
[0.427s] -- Found rosidl_adapter: 3.1.4 (/opt/ros/humble/share/rosidl_adapter/cmake)
[0.435s] -- Found rosidl_generator_cpp: 3.1.4 (/opt/ros/humble/share/rosidl_generator_cpp/cmake)
[0.447s] -- Using all available rosidl_typesupport_c: rosidl_typesupport_fastrtps_c;rosidl_typesupport_introspection_c
[0.462s] -- Using all available rosidl_typesupport_cpp: rosidl_typesupport_fastrtps_cpp;rosidl_typesupport_introspection_cpp
[0.513s] -- Found rmw_implementation_cmake: 6.1.1 (/opt/ros/humble/share/rmw_implementation_cmake/cmake)
[0.516s] -- Found rmw_fastrtps_cpp: 6.2.2 (/opt/ros/humble/share/rmw_fastrtps_cpp/cmake)
[0.581s] -- Found OpenSSL: /usr/lib/x86_64-linux-gnu/libcrypto.so (found version "3.0.2")  
[0.598s] -- Found FastRTPS: /opt/ros/humble/include  
[0.624s] -- Using RMW implementation 'rmw_fastrtps_cpp' as default
[0.632s] -- Looking for pthread.h
[0.691s] -- Looking for pthread.h - found
[0.691s] -- Performing Test CMAKE_HAVE_LIBC_PTHREAD
[0.748s] -- Performing Test CMAKE_HAVE_LIBC_PTHREAD - Success
[0.749s] -- Found Threads: TRUE  
[0.855s] -- Found ament_lint_auto: 0.12.6 (/opt/ros/humble/share/ament_lint_auto/cmake)
[0.901s] -- Added test 'flake8' to check Python code syntax and style conventions
[0.901s] -- Added test 'lint_cmake' to check CMake code style
[0.901s] -- Added test 'pep257' to check Python code against some of the docstring style conventions in PEP 257
[0.902s] -- Added test 'xmllint' to check XML markup files
[0.902s] -- Configuring done
[0.905s] -- Generating done
[0.906s] -- Build files have been written to: /home/avent/Public/MyProjects/FishBot/ROS2/build/fishbot_description
[0.912s] Invoked command in '/home/avent/Public/MyProjects/FishBot/ROS2/build/fishbot_description' returned '0': CMAKE_PREFIX_PATH=/opt/ros/humble /usr/bin/cmake /home/avent/Public/MyProjects/FishBot/ROS2/src/fishbot_description -DCMAKE_INSTALL_PREFIX=/home/avent/Public/MyProjects/FishBot/ROS2/install/fishbot_description
[0.913s] Invoking command in '/home/avent/Public/MyProjects/FishBot/ROS2/build/fishbot_description': CMAKE_PREFIX_PATH=/opt/ros/humble /usr/bin/cmake --build /home/avent/Public/MyProjects/FishBot/ROS2/build/fishbot_description -- -j16 -l16
[0.935s] Invoked command in '/home/avent/Public/MyProjects/FishBot/ROS2/build/fishbot_description' returned '0': CMAKE_PREFIX_PATH=/opt/ros/humble /usr/bin/cmake --build /home/avent/Public/MyProjects/FishBot/ROS2/build/fishbot_description -- -j16 -l16
[0.950s] Invoking command in '/home/avent/Public/MyProjects/FishBot/ROS2/build/fishbot_description': CMAKE_PREFIX_PATH=/opt/ros/humble /usr/bin/cmake --install /home/avent/Public/MyProjects/FishBot/ROS2/build/fishbot_description
[0.954s] -- Install configuration: ""
[0.954s] -- Installing: /home/avent/Public/MyProjects/FishBot/ROS2/install/fishbot_description/share/fishbot_description/launch
[0.954s] -- Installing: /home/avent/Public/MyProjects/FishBot/ROS2/install/fishbot_description/share/fishbot_description/launch/show_fishbot.launch.py
[0.954s] -- Installing: /home/avent/Public/MyProjects/FishBot/ROS2/install/fishbot_description/share/fishbot_description/launch/rviz2.launch.py
[0.954s] -- Installing: /home/avent/Public/MyProjects/FishBot/ROS2/install/fishbot_description/share/fishbot_description/urdf
[0.954s] -- Installing: /home/avent/Public/MyProjects/FishBot/ROS2/install/fishbot_description/share/fishbot_description/urdf/fishbot.urdf
[0.954s] -- Installing: /home/avent/Public/MyProjects/FishBot/ROS2/install/fishbot_description/share/fishbot_description/meshes
[0.954s] -- Installing: /home/avent/Public/MyProjects/FishBot/ROS2/install/fishbot_description/share/fishbot_description/meshes/imu_link.STL
[0.954s] -- Installing: /home/avent/Public/MyProjects/FishBot/ROS2/install/fishbot_description/share/fishbot_description/meshes/camera_link.STL
[0.955s] -- Installing: /home/avent/Public/MyProjects/FishBot/ROS2/install/fishbot_description/share/fishbot_description/meshes/rightwheel_link.STL
[0.956s] -- Installing: /home/avent/Public/MyProjects/FishBot/ROS2/install/fishbot_description/share/fishbot_description/meshes/leftwheel_link.STL
[0.956s] -- Installing: /home/avent/Public/MyProjects/FishBot/ROS2/install/fishbot_description/share/fishbot_description/meshes/base_link.STL
[0.957s] -- Installing: /home/avent/Public/MyProjects/FishBot/ROS2/install/fishbot_description/share/fishbot_description/config
[0.957s] -- Installing: /home/avent/Public/MyProjects/FishBot/ROS2/install/fishbot_description/share/fishbot_description/config/fishbot.rviz
[0.957s] -- Installing: /home/avent/Public/MyProjects/FishBot/ROS2/install/fishbot_description/share/fishbot_description/config/nav2.rviz
[0.957s] -- Installing: /home/avent/Public/MyProjects/FishBot/ROS2/install/fishbot_description/share/fishbot_description/config/cartographer.rviz
[0.958s] -- Installing: /home/avent/Public/MyProjects/FishBot/ROS2/install/fishbot_description/share/ament_index/resource_index/package_run_dependencies/fishbot_description
[0.958s] -- Installing: /home/avent/Public/MyProjects/FishBot/ROS2/install/fishbot_description/share/ament_index/resource_index/parent_prefix_path/fishbot_description
[0.958s] -- Installing: /home/avent/Public/MyProjects/FishBot/ROS2/install/fishbot_description/share/fishbot_description/environment/ament_prefix_path.sh
[0.958s] -- Installing: /home/avent/Public/MyProjects/FishBot/ROS2/install/fishbot_description/share/fishbot_description/environment/ament_prefix_path.dsv
[0.958s] -- Installing: /home/avent/Public/MyProjects/FishBot/ROS2/install/fishbot_description/share/fishbot_description/environment/path.sh
[0.958s] -- Installing: /home/avent/Public/MyProjects/FishBot/ROS2/install/fishbot_description/share/fishbot_description/environment/path.dsv
[0.958s] -- Installing: /home/avent/Public/MyProjects/FishBot/ROS2/install/fishbot_description/share/fishbot_description/local_setup.bash
[0.958s] -- Installing: /home/avent/Public/MyProjects/FishBot/ROS2/install/fishbot_description/share/fishbot_description/local_setup.sh
[0.958s] -- Installing: /home/avent/Public/MyProjects/FishBot/ROS2/install/fishbot_description/share/fishbot_description/local_setup.zsh
[0.958s] -- Installing: /home/avent/Public/MyProjects/FishBot/ROS2/install/fishbot_description/share/fishbot_description/local_setup.dsv
[0.958s] -- Installing: /home/avent/Public/MyProjects/FishBot/ROS2/install/fishbot_description/share/fishbot_description/package.dsv
[0.958s] -- Installing: /home/avent/Public/MyProjects/FishBot/ROS2/install/fishbot_description/share/ament_index/resource_index/packages/fishbot_description
[0.958s] -- Installing: /home/avent/Public/MyProjects/FishBot/ROS2/install/fishbot_description/share/fishbot_description/cmake/fishbot_descriptionConfig.cmake
[0.958s] -- Installing: /home/avent/Public/MyProjects/FishBot/ROS2/install/fishbot_description/share/fishbot_description/cmake/fishbot_descriptionConfig-version.cmake
[0.958s] -- Installing: /home/avent/Public/MyProjects/FishBot/ROS2/install/fishbot_description/share/fishbot_description/package.xml
[0.960s] Invoked command in '/home/avent/Public/MyProjects/FishBot/ROS2/build/fishbot_description' returned '0': CMAKE_PREFIX_PATH=/opt/ros/humble /usr/bin/cmake --install /home/avent/Public/MyProjects/FishBot/ROS2/build/fishbot_description
