-- Install configuration: ""
-- Up-to-date: /home/avent/Public/MyProjects/FishBot/ROS2/install/fishbot_description/share/fishbot_description/launch
-- Up-to-date: /home/avent/Public/MyProjects/FishBot/ROS2/install/fishbot_description/share/fishbot_description/launch/show_fishbot.launch.py
-- Up-to-date: /home/avent/Public/MyProjects/FishBot/ROS2/install/fishbot_description/share/fishbot_description/launch/rviz2.launch.py
-- Up-to-date: /home/avent/Public/MyProjects/FishBot/ROS2/install/fishbot_description/share/fishbot_description/urdf
-- Up-to-date: /home/avent/Public/MyProjects/FishBot/ROS2/install/fishbot_description/share/fishbot_description/urdf/fishbot.urdf
-- Up-to-date: /home/avent/Public/MyProjects/FishBot/ROS2/install/fishbot_description/share/fishbot_description/meshes
-- Up-to-date: /home/avent/Public/MyProjects/FishBot/ROS2/install/fishbot_description/share/fishbot_description/meshes/imu_link.STL
-- Up-to-date: /home/avent/Public/MyProjects/FishBot/ROS2/install/fishbot_description/share/fishbot_description/meshes/camera_link.STL
-- Up-to-date: /home/avent/Public/MyProjects/FishBot/ROS2/install/fishbot_description/share/fishbot_description/meshes/rightwheel_link.STL
-- Up-to-date: /home/avent/Public/MyProjects/FishBot/ROS2/install/fishbot_description/share/fishbot_description/meshes/leftwheel_link.STL
-- Up-to-date: /home/avent/Public/MyProjects/FishBot/ROS2/install/fishbot_description/share/fishbot_description/meshes/base_link.STL
-- Up-to-date: /home/avent/Public/MyProjects/FishBot/ROS2/install/fishbot_description/share/fishbot_description/config
-- Up-to-date: /home/avent/Public/MyProjects/FishBot/ROS2/install/fishbot_description/share/fishbot_description/config/fishbot.rviz
-- Up-to-date: /home/avent/Public/MyProjects/FishBot/ROS2/install/fishbot_description/share/fishbot_description/config/nav2.rviz
-- Up-to-date: /home/avent/Public/MyProjects/FishBot/ROS2/install/fishbot_description/share/fishbot_description/config/cartographer.rviz
-- Up-to-date: /home/avent/Public/MyProjects/FishBot/ROS2/install/fishbot_description/share/ament_index/resource_index/package_run_dependencies/fishbot_description
-- Up-to-date: /home/avent/Public/MyProjects/FishBot/ROS2/install/fishbot_description/share/ament_index/resource_index/parent_prefix_path/fishbot_description
-- Up-to-date: /home/avent/Public/MyProjects/FishBot/ROS2/install/fishbot_description/share/fishbot_description/environment/ament_prefix_path.sh
-- Up-to-date: /home/avent/Public/MyProjects/FishBot/ROS2/install/fishbot_description/share/fishbot_description/environment/ament_prefix_path.dsv
-- Up-to-date: /home/avent/Public/MyProjects/FishBot/ROS2/install/fishbot_description/share/fishbot_description/environment/path.sh
-- Up-to-date: /home/avent/Public/MyProjects/FishBot/ROS2/install/fishbot_description/share/fishbot_description/environment/path.dsv
-- Up-to-date: /home/avent/Public/MyProjects/FishBot/ROS2/install/fishbot_description/share/fishbot_description/local_setup.bash
-- Up-to-date: /home/avent/Public/MyProjects/FishBot/ROS2/install/fishbot_description/share/fishbot_description/local_setup.sh
-- Up-to-date: /home/avent/Public/MyProjects/FishBot/ROS2/install/fishbot_description/share/fishbot_description/local_setup.zsh
-- Up-to-date: /home/avent/Public/MyProjects/FishBot/ROS2/install/fishbot_description/share/fishbot_description/local_setup.dsv
-- Up-to-date: /home/avent/Public/MyProjects/FishBot/ROS2/install/fishbot_description/share/fishbot_description/package.dsv
-- Up-to-date: /home/avent/Public/MyProjects/FishBot/ROS2/install/fishbot_description/share/ament_index/resource_index/packages/fishbot_description
-- Up-to-date: /home/avent/Public/MyProjects/FishBot/ROS2/install/fishbot_description/share/fishbot_description/cmake/fishbot_descriptionConfig.cmake
-- Up-to-date: /home/avent/Public/MyProjects/FishBot/ROS2/install/fishbot_description/share/fishbot_description/cmake/fishbot_descriptionConfig-version.cmake
-- Up-to-date: /home/avent/Public/MyProjects/FishBot/ROS2/install/fishbot_description/share/fishbot_description/package.xml
