[0.010s] Invoking command in '/home/avent/Public/MyProjects/FishBot/ROS2/build/fishbot_description': CMAKE_PREFIX_PATH=${CMAKE_PREFIX_PATH}:/opt/ros/humble /usr/bin/cmake --build /home/avent/Public/MyProjects/FishBot/ROS2/build/fishbot_description -- -j16 -l16
[0.032s] Invoked command in '/home/avent/Public/MyProjects/FishBot/ROS2/build/fishbot_description' returned '0': CMAKE_PREFIX_PATH=${CMAKE_PREFIX_PATH}:/opt/ros/humble /usr/bin/cmake --build /home/avent/Public/MyProjects/FishBot/ROS2/build/fishbot_description -- -j16 -l16
[0.049s] Invoking command in '/home/avent/Public/MyProjects/FishBot/ROS2/build/fishbot_description': CMAKE_PREFIX_PATH=${CMAKE_PREFIX_PATH}:/opt/ros/humble /usr/bin/cmake --install /home/avent/Public/MyProjects/FishBot/ROS2/build/fishbot_description
[0.053s] -- Install configuration: ""
[0.053s] -- Up-to-date: /home/avent/Public/MyProjects/FishBot/ROS2/install/fishbot_description/share/fishbot_description/launch
[0.053s] -- Up-to-date: /home/avent/Public/MyProjects/FishBot/ROS2/install/fishbot_description/share/fishbot_description/launch/show_fishbot.launch.py
[0.053s] -- Up-to-date: /home/avent/Public/MyProjects/FishBot/ROS2/install/fishbot_description/share/fishbot_description/launch/rviz2.launch.py
[0.053s] -- Up-to-date: /home/avent/Public/MyProjects/FishBot/ROS2/install/fishbot_description/share/fishbot_description/urdf
[0.053s] -- Up-to-date: /home/avent/Public/MyProjects/FishBot/ROS2/install/fishbot_description/share/fishbot_description/urdf/fishbot.urdf
[0.053s] -- Up-to-date: /home/avent/Public/MyProjects/FishBot/ROS2/install/fishbot_description/share/fishbot_description/meshes
[0.053s] -- Up-to-date: /home/avent/Public/MyProjects/FishBot/ROS2/install/fishbot_description/share/fishbot_description/meshes/imu_link.STL
[0.053s] -- Up-to-date: /home/avent/Public/MyProjects/FishBot/ROS2/install/fishbot_description/share/fishbot_description/meshes/camera_link.STL
[0.053s] -- Up-to-date: /home/avent/Public/MyProjects/FishBot/ROS2/install/fishbot_description/share/fishbot_description/meshes/rightwheel_link.STL
[0.053s] -- Up-to-date: /home/avent/Public/MyProjects/FishBot/ROS2/install/fishbot_description/share/fishbot_description/meshes/leftwheel_link.STL
[0.053s] -- Up-to-date: /home/avent/Public/MyProjects/FishBot/ROS2/install/fishbot_description/share/fishbot_description/meshes/base_link.STL
[0.053s] -- Up-to-date: /home/avent/Public/MyProjects/FishBot/ROS2/install/fishbot_description/share/fishbot_description/config
[0.053s] -- Up-to-date: /home/avent/Public/MyProjects/FishBot/ROS2/install/fishbot_description/share/fishbot_description/config/fishbot.rviz
[0.053s] -- Up-to-date: /home/avent/Public/MyProjects/FishBot/ROS2/install/fishbot_description/share/fishbot_description/config/nav2.rviz
[0.053s] -- Up-to-date: /home/avent/Public/MyProjects/FishBot/ROS2/install/fishbot_description/share/fishbot_description/config/cartographer.rviz
[0.053s] -- Up-to-date: /home/avent/Public/MyProjects/FishBot/ROS2/install/fishbot_description/share/ament_index/resource_index/package_run_dependencies/fishbot_description
[0.054s] -- Up-to-date: /home/avent/Public/MyProjects/FishBot/ROS2/install/fishbot_description/share/ament_index/resource_index/parent_prefix_path/fishbot_description
[0.054s] -- Up-to-date: /home/avent/Public/MyProjects/FishBot/ROS2/install/fishbot_description/share/fishbot_description/environment/ament_prefix_path.sh
[0.054s] -- Up-to-date: /home/avent/Public/MyProjects/FishBot/ROS2/install/fishbot_description/share/fishbot_description/environment/ament_prefix_path.dsv
[0.054s] -- Up-to-date: /home/avent/Public/MyProjects/FishBot/ROS2/install/fishbot_description/share/fishbot_description/environment/path.sh
[0.054s] -- Up-to-date: /home/avent/Public/MyProjects/FishBot/ROS2/install/fishbot_description/share/fishbot_description/environment/path.dsv
[0.054s] -- Up-to-date: /home/avent/Public/MyProjects/FishBot/ROS2/install/fishbot_description/share/fishbot_description/local_setup.bash
[0.054s] -- Up-to-date: /home/avent/Public/MyProjects/FishBot/ROS2/install/fishbot_description/share/fishbot_description/local_setup.sh
[0.054s] -- Up-to-date: /home/avent/Public/MyProjects/FishBot/ROS2/install/fishbot_description/share/fishbot_description/local_setup.zsh
[0.054s] -- Up-to-date: /home/avent/Public/MyProjects/FishBot/ROS2/install/fishbot_description/share/fishbot_description/local_setup.dsv
[0.054s] -- Up-to-date: /home/avent/Public/MyProjects/FishBot/ROS2/install/fishbot_description/share/fishbot_description/package.dsv
[0.054s] -- Up-to-date: /home/avent/Public/MyProjects/FishBot/ROS2/install/fishbot_description/share/ament_index/resource_index/packages/fishbot_description
[0.054s] -- Up-to-date: /home/avent/Public/MyProjects/FishBot/ROS2/install/fishbot_description/share/fishbot_description/cmake/fishbot_descriptionConfig.cmake
[0.054s] -- Up-to-date: /home/avent/Public/MyProjects/FishBot/ROS2/install/fishbot_description/share/fishbot_description/cmake/fishbot_descriptionConfig-version.cmake
[0.054s] -- Up-to-date: /home/avent/Public/MyProjects/FishBot/ROS2/install/fishbot_description/share/fishbot_description/package.xml
[0.055s] Invoked command in '/home/avent/Public/MyProjects/FishBot/ROS2/build/fishbot_description' returned '0': CMAKE_PREFIX_PATH=${CMAKE_PREFIX_PATH}:/opt/ros/humble /usr/bin/cmake --install /home/avent/Public/MyProjects/FishBot/ROS2/build/fishbot_description
