-- The C compiler identification is GNU 11.3.0
-- The CXX compiler identification is GNU 11.3.0
-- Detecting C compiler ABI info
-- Detecting C compiler ABI info - done
-- Check for working C compiler: /usr/bin/cc - skipped
-- Detecting C compile features
-- Detecting C compile features - done
-- Detecting CXX compiler ABI info
-- Detecting CXX compiler ABI info - done
-- Check for working CXX compiler: /usr/bin/c++ - skipped
-- Detecting CXX compile features
-- Detecting CXX compile features - done
-- Found ament_cmake: 1.3.4 (/opt/ros/humble/share/ament_cmake/cmake)
-- Found Python3: /usr/bin/python3.10 (found version "3.10.6") found components: Interpreter 
-- Found rclcpp: 16.0.4 (/opt/ros/humble/share/rclcpp/cmake)
-- Found rosidl_generator_c: 3.1.4 (/opt/ros/humble/share/rosidl_generator_c/cmake)
-- Found rosidl_adapter: 3.1.4 (/opt/ros/humble/share/rosidl_adapter/cmake)
-- Found rosidl_generator_cpp: 3.1.4 (/opt/ros/humble/share/rosidl_generator_cpp/cmake)
-- Using all available rosidl_typesupport_c: rosidl_typesupport_fastrtps_c;rosidl_typesupport_introspection_c
-- Using all available rosidl_typesupport_cpp: rosidl_typesupport_fastrtps_cpp;rosidl_typesupport_introspection_cpp
-- Found rmw_implementation_cmake: 6.1.1 (/opt/ros/humble/share/rmw_implementation_cmake/cmake)
-- Found rmw_fastrtps_cpp: 6.2.2 (/opt/ros/humble/share/rmw_fastrtps_cpp/cmake)
-- Found OpenSSL: /usr/lib/x86_64-linux-gnu/libcrypto.so (found version "3.0.2")  
-- Found FastRTPS: /opt/ros/humble/include  
-- Using RMW implementation 'rmw_fastrtps_cpp' as default
-- Looking for pthread.h
-- Looking for pthread.h - found
-- Performing Test CMAKE_HAVE_LIBC_PTHREAD
-- Performing Test CMAKE_HAVE_LIBC_PTHREAD - Success
-- Found Threads: TRUE  
-- Found geometry_msgs: 4.2.3 (/opt/ros/humble/share/geometry_msgs/cmake)
-- Found nav_msgs: 4.2.3 (/opt/ros/humble/share/nav_msgs/cmake)
-- Found tf2: 0.25.2 (/opt/ros/humble/share/tf2/cmake)
-- Found tf2_ros: 0.25.2 (/opt/ros/humble/share/tf2_ros/cmake)
-- Found ament_lint_auto: 0.12.6 (/opt/ros/humble/share/ament_lint_auto/cmake)
-- Added test 'cppcheck' to perform static code analysis on C / C++ code
-- Configured cppcheck include dirs: 
-- Configured cppcheck exclude dirs and/or files: 
-- Added test 'flake8' to check Python code syntax and style conventions
-- Added test 'lint_cmake' to check CMake code style
-- Added test 'pep257' to check Python code against some of the docstring style conventions in PEP 257
-- Added test 'uncrustify' to check C / C++ code style
-- Configured uncrustify additional arguments: 
-- Added test 'xmllint' to check XML markup files
-- Configuring done
-- Generating done
-- Build files have been written to: /home/avent/Public/MyProjects/FishBot/ROS2/build/fishbot
[ 50%] [32mBuilding CXX object CMakeFiles/fishbot_bringup.dir/src/fishbot_bringup.cpp.o[0m
[100%] [32m[1mLinking CXX executable fishbot_bringup[0m
[100%] Built target fishbot_bringup
-- Install configuration: ""
-- Installing: /home/avent/Public/MyProjects/FishBot/ROS2/install/fishbot/lib/fishbot/fishbot_bringup
-- Set runtime path of "/home/avent/Public/MyProjects/FishBot/ROS2/install/fishbot/lib/fishbot/fishbot_bringup" to ""
-- Installing: /home/avent/Public/MyProjects/FishBot/ROS2/install/fishbot/share/fishbot/launch
-- Installing: /home/avent/Public/MyProjects/FishBot/ROS2/install/fishbot/share/fishbot/launch/fishbot_bringup.launch.py
-- Installing: /home/avent/Public/MyProjects/FishBot/ROS2/install/fishbot/share/fishbot/launch/slam_nav2.launch.py
-- Installing: /home/avent/Public/MyProjects/FishBot/ROS2/install/fishbot/share/fishbot/launch/cartographer.launch.py
-- Installing: /home/avent/Public/MyProjects/FishBot/ROS2/install/fishbot/share/fishbot/config
-- Installing: /home/avent/Public/MyProjects/FishBot/ROS2/install/fishbot/share/fishbot/config/fishbot_laser_2d.lua
-- Installing: /home/avent/Public/MyProjects/FishBot/ROS2/install/fishbot/share/fishbot/config/fishbot_2d.lua
-- Installing: /home/avent/Public/MyProjects/FishBot/ROS2/install/fishbot/share/fishbot/param
-- Installing: /home/avent/Public/MyProjects/FishBot/ROS2/install/fishbot/share/fishbot/param/fishbot.yaml
-- Installing: /home/avent/Public/MyProjects/FishBot/ROS2/install/fishbot/share/fishbot/param/fishbot_nav2.yaml
-- Installing: /home/avent/Public/MyProjects/FishBot/ROS2/install/fishbot/share/ament_index/resource_index/package_run_dependencies/fishbot
-- Installing: /home/avent/Public/MyProjects/FishBot/ROS2/install/fishbot/share/ament_index/resource_index/parent_prefix_path/fishbot
-- Installing: /home/avent/Public/MyProjects/FishBot/ROS2/install/fishbot/share/fishbot/environment/ament_prefix_path.sh
-- Installing: /home/avent/Public/MyProjects/FishBot/ROS2/install/fishbot/share/fishbot/environment/ament_prefix_path.dsv
-- Installing: /home/avent/Public/MyProjects/FishBot/ROS2/install/fishbot/share/fishbot/environment/path.sh
-- Installing: /home/avent/Public/MyProjects/FishBot/ROS2/install/fishbot/share/fishbot/environment/path.dsv
-- Installing: /home/avent/Public/MyProjects/FishBot/ROS2/install/fishbot/share/fishbot/local_setup.bash
-- Installing: /home/avent/Public/MyProjects/FishBot/ROS2/install/fishbot/share/fishbot/local_setup.sh
-- Installing: /home/avent/Public/MyProjects/FishBot/ROS2/install/fishbot/share/fishbot/local_setup.zsh
-- Installing: /home/avent/Public/MyProjects/FishBot/ROS2/install/fishbot/share/fishbot/local_setup.dsv
-- Installing: /home/avent/Public/MyProjects/FishBot/ROS2/install/fishbot/share/fishbot/package.dsv
-- Installing: /home/avent/Public/MyProjects/FishBot/ROS2/install/fishbot/share/ament_index/resource_index/packages/fishbot
-- Installing: /home/avent/Public/MyProjects/FishBot/ROS2/install/fishbot/share/fishbot/cmake/fishbotConfig.cmake
-- Installing: /home/avent/Public/MyProjects/FishBot/ROS2/install/fishbot/share/fishbot/cmake/fishbotConfig-version.cmake
-- Installing: /home/avent/Public/MyProjects/FishBot/ROS2/install/fishbot/share/fishbot/package.xml
