[0.012s] Invoking command in '/home/avent/Public/MyProjects/FishBot/ROS2/build/fishbot': CMAKE_PREFIX_PATH=${CMAKE_PREFIX_PATH}:/opt/ros/humble /usr/bin/cmake /home/avent/Public/MyProjects/FishBot/ROS2/src/fishbot -DCMAKE_INSTALL_PREFIX=/home/avent/Public/MyProjects/FishBot/ROS2/install/fishbot
[0.044s] -- The C compiler identification is GNU 11.3.0
[0.077s] -- The CXX compiler identification is GNU 11.3.0
[0.082s] -- Detecting C compiler ABI info
[0.123s] -- Detecting C compiler ABI info - done
[0.130s] -- Check for working C compiler: /usr/bin/cc - skipped
[0.131s] -- Detecting C compile features
[0.131s] -- Detecting C compile features - done
[0.133s] -- Detecting CXX compiler ABI info
[0.200s] -- Detecting CXX compiler ABI info - done
[0.208s] -- Check for working CXX compiler: /usr/bin/c++ - skipped
[0.208s] -- Detecting CXX compile features
[0.208s] -- Detecting CXX compile features - done
[0.211s] -- Found ament_cmake: 1.3.4 (/opt/ros/humble/share/ament_cmake/cmake)
[0.318s] -- Found Python3: /usr/bin/python3.10 (found version "3.10.6") found components: Interpreter 
[0.372s] -- Found rclcpp: 16.0.4 (/opt/ros/humble/share/rclcpp/cmake)
[0.397s] -- Found rosidl_generator_c: 3.1.4 (/opt/ros/humble/share/rosidl_generator_c/cmake)
[0.399s] -- Found rosidl_adapter: 3.1.4 (/opt/ros/humble/share/rosidl_adapter/cmake)
[0.404s] -- Found rosidl_generator_cpp: 3.1.4 (/opt/ros/humble/share/rosidl_generator_cpp/cmake)
[0.413s] -- Using all available rosidl_typesupport_c: rosidl_typesupport_fastrtps_c;rosidl_typesupport_introspection_c
[0.424s] -- Using all available rosidl_typesupport_cpp: rosidl_typesupport_fastrtps_cpp;rosidl_typesupport_introspection_cpp
[0.464s] -- Found rmw_implementation_cmake: 6.1.1 (/opt/ros/humble/share/rmw_implementation_cmake/cmake)
[0.466s] -- Found rmw_fastrtps_cpp: 6.2.2 (/opt/ros/humble/share/rmw_fastrtps_cpp/cmake)
[0.532s] -- Found OpenSSL: /usr/lib/x86_64-linux-gnu/libcrypto.so (found version "3.0.2")  
[0.550s] -- Found FastRTPS: /opt/ros/humble/include  
[0.578s] -- Using RMW implementation 'rmw_fastrtps_cpp' as default
[0.584s] -- Looking for pthread.h
[0.628s] -- Looking for pthread.h - found
[0.629s] -- Performing Test CMAKE_HAVE_LIBC_PTHREAD
[0.672s] -- Performing Test CMAKE_HAVE_LIBC_PTHREAD - Success
[0.673s] -- Found Threads: TRUE  
[0.824s] -- Found geometry_msgs: 4.2.3 (/opt/ros/humble/share/geometry_msgs/cmake)
[0.870s] -- Found nav_msgs: 4.2.3 (/opt/ros/humble/share/nav_msgs/cmake)
[0.934s] -- Found tf2: 0.25.2 (/opt/ros/humble/share/tf2/cmake)
[0.947s] -- Found tf2_ros: 0.25.2 (/opt/ros/humble/share/tf2_ros/cmake)
[1.167s] -- Found ament_lint_auto: 0.12.6 (/opt/ros/humble/share/ament_lint_auto/cmake)
[1.217s] -- Added test 'cppcheck' to perform static code analysis on C / C++ code
[1.217s] -- Configured cppcheck include dirs: 
[1.217s] -- Configured cppcheck exclude dirs and/or files: 
[1.218s] -- Added test 'flake8' to check Python code syntax and style conventions
[1.218s] -- Added test 'lint_cmake' to check CMake code style
[1.219s] -- Added test 'pep257' to check Python code against some of the docstring style conventions in PEP 257
[1.219s] -- Added test 'uncrustify' to check C / C++ code style
[1.219s] -- Configured uncrustify additional arguments: 
[1.220s] -- Added test 'xmllint' to check XML markup files
[1.220s] -- Configuring done
[1.227s] -- Generating done
[1.228s] -- Build files have been written to: /home/avent/Public/MyProjects/FishBot/ROS2/build/fishbot
[1.236s] Invoked command in '/home/avent/Public/MyProjects/FishBot/ROS2/build/fishbot' returned '0': CMAKE_PREFIX_PATH=${CMAKE_PREFIX_PATH}:/opt/ros/humble /usr/bin/cmake /home/avent/Public/MyProjects/FishBot/ROS2/src/fishbot -DCMAKE_INSTALL_PREFIX=/home/avent/Public/MyProjects/FishBot/ROS2/install/fishbot
[1.237s] Invoking command in '/home/avent/Public/MyProjects/FishBot/ROS2/build/fishbot': CMAKE_PREFIX_PATH=${CMAKE_PREFIX_PATH}:/opt/ros/humble /usr/bin/cmake --build /home/avent/Public/MyProjects/FishBot/ROS2/build/fishbot -- -j16 -l16
[1.263s] [ 50%] [32mBuilding CXX object CMakeFiles/fishbot_bringup.dir/src/fishbot_bringup.cpp.o[0m
[6.847s] [100%] [32m[1mLinking CXX executable fishbot_bringup[0m
[7.117s] [100%] Built target fishbot_bringup
[7.127s] Invoked command in '/home/avent/Public/MyProjects/FishBot/ROS2/build/fishbot' returned '0': CMAKE_PREFIX_PATH=${CMAKE_PREFIX_PATH}:/opt/ros/humble /usr/bin/cmake --build /home/avent/Public/MyProjects/FishBot/ROS2/build/fishbot -- -j16 -l16
[7.142s] Invoking command in '/home/avent/Public/MyProjects/FishBot/ROS2/build/fishbot': CMAKE_PREFIX_PATH=${CMAKE_PREFIX_PATH}:/opt/ros/humble /usr/bin/cmake --install /home/avent/Public/MyProjects/FishBot/ROS2/build/fishbot
[7.145s] -- Install configuration: ""
[7.145s] -- Installing: /home/avent/Public/MyProjects/FishBot/ROS2/install/fishbot/lib/fishbot/fishbot_bringup
[7.147s] -- Set runtime path of "/home/avent/Public/MyProjects/FishBot/ROS2/install/fishbot/lib/fishbot/fishbot_bringup" to ""
[7.147s] -- Installing: /home/avent/Public/MyProjects/FishBot/ROS2/install/fishbot/share/fishbot/launch
[7.148s] -- Installing: /home/avent/Public/MyProjects/FishBot/ROS2/install/fishbot/share/fishbot/launch/fishbot_bringup.launch.py
[7.148s] -- Installing: /home/avent/Public/MyProjects/FishBot/ROS2/install/fishbot/share/fishbot/launch/slam_nav2.launch.py
[7.148s] -- Installing: /home/avent/Public/MyProjects/FishBot/ROS2/install/fishbot/share/fishbot/launch/cartographer.launch.py
[7.148s] -- Installing: /home/avent/Public/MyProjects/FishBot/ROS2/install/fishbot/share/fishbot/config
[7.148s] -- Installing: /home/avent/Public/MyProjects/FishBot/ROS2/install/fishbot/share/fishbot/config/fishbot_laser_2d.lua
[7.148s] -- Installing: /home/avent/Public/MyProjects/FishBot/ROS2/install/fishbot/share/fishbot/config/fishbot_2d.lua
[7.148s] -- Installing: /home/avent/Public/MyProjects/FishBot/ROS2/install/fishbot/share/fishbot/param
[7.148s] -- Installing: /home/avent/Public/MyProjects/FishBot/ROS2/install/fishbot/share/fishbot/param/fishbot.yaml
[7.149s] -- Installing: /home/avent/Public/MyProjects/FishBot/ROS2/install/fishbot/share/fishbot/param/fishbot_nav2.yaml
[7.149s] -- Installing: /home/avent/Public/MyProjects/FishBot/ROS2/install/fishbot/share/ament_index/resource_index/package_run_dependencies/fishbot
[7.149s] -- Installing: /home/avent/Public/MyProjects/FishBot/ROS2/install/fishbot/share/ament_index/resource_index/parent_prefix_path/fishbot
[7.149s] -- Installing: /home/avent/Public/MyProjects/FishBot/ROS2/install/fishbot/share/fishbot/environment/ament_prefix_path.sh
[7.149s] -- Installing: /home/avent/Public/MyProjects/FishBot/ROS2/install/fishbot/share/fishbot/environment/ament_prefix_path.dsv
[7.149s] -- Installing: /home/avent/Public/MyProjects/FishBot/ROS2/install/fishbot/share/fishbot/environment/path.sh
[7.149s] -- Installing: /home/avent/Public/MyProjects/FishBot/ROS2/install/fishbot/share/fishbot/environment/path.dsv
[7.149s] -- Installing: /home/avent/Public/MyProjects/FishBot/ROS2/install/fishbot/share/fishbot/local_setup.bash
[7.149s] -- Installing: /home/avent/Public/MyProjects/FishBot/ROS2/install/fishbot/share/fishbot/local_setup.sh
[7.149s] -- Installing: /home/avent/Public/MyProjects/FishBot/ROS2/install/fishbot/share/fishbot/local_setup.zsh
[7.149s] -- Installing: /home/avent/Public/MyProjects/FishBot/ROS2/install/fishbot/share/fishbot/local_setup.dsv
[7.149s] -- Installing: /home/avent/Public/MyProjects/FishBot/ROS2/install/fishbot/share/fishbot/package.dsv
[7.150s] -- Installing: /home/avent/Public/MyProjects/FishBot/ROS2/install/fishbot/share/ament_index/resource_index/packages/fishbot
[7.150s] -- Installing: /home/avent/Public/MyProjects/FishBot/ROS2/install/fishbot/share/fishbot/cmake/fishbotConfig.cmake
[7.150s] -- Installing: /home/avent/Public/MyProjects/FishBot/ROS2/install/fishbot/share/fishbot/cmake/fishbotConfig-version.cmake
[7.150s] -- Installing: /home/avent/Public/MyProjects/FishBot/ROS2/install/fishbot/share/fishbot/package.xml
[7.152s] Invoked command in '/home/avent/Public/MyProjects/FishBot/ROS2/build/fishbot' returned '0': CMAKE_PREFIX_PATH=${CMAKE_PREFIX_PATH}:/opt/ros/humble /usr/bin/cmake --install /home/avent/Public/MyProjects/FishBot/ROS2/build/fishbot
