[0.191s] DEBUG:colcon:Command line arguments: ['/usr/bin/colcon', 'build']
[0.191s] DEBUG:colcon:Parsed command line arguments: Namespace(log_base=None, log_level=None, verb_name='build', build_base='build', install_base='install', merge_install=False, symlink_install=False, test_result_base=None, continue_on_error=False, executor='parallel', parallel_workers=16, event_handlers=None, ignore_user_meta=False, metas=['./colcon.meta'], base_paths=['.'], packages_ignore=None, packages_ignore_regex=None, paths=None, packages_up_to=None, packages_up_to_regex=None, packages_above=None, packages_above_and_dependencies=None, packages_above_depth=None, packages_select_by_dep=None, packages_skip_by_dep=None, packages_skip_up_to=None, packages_select_build_failed=False, packages_skip_build_finished=False, packages_select_test_failures=False, packages_skip_test_passed=False, packages_select=None, packages_skip=None, packages_select_regex=None, packages_skip_regex=None, packages_start=None, packages_end=None, allow_overriding=[], cmake_args=None, cmake_target=None, cmake_target_skip_unavailable=False, cmake_clean_cache=False, cmake_clean_first=False, cmake_force_configure=False, ament_cmake_args=None, catkin_cmake_args=None, catkin_skip_building_tests=False, verb_parser=<colcon_defaults.argument_parser.defaults.DefaultArgumentsDecorator object at 0x7f5461927dc0>, verb_extension=<colcon_core.verb.build.BuildVerb object at 0x7f5461927850>, main=<bound method BuildVerb.main of <colcon_core.verb.build.BuildVerb object at 0x7f5461927850>>)
[0.212s] Level 1:colcon.colcon_core.package_discovery:discover_packages(colcon_meta) check parameters
[0.212s] Level 1:colcon.colcon_core.package_discovery:discover_packages(recursive) check parameters
[0.212s] Level 1:colcon.colcon_core.package_discovery:discover_packages(ignore) check parameters
[0.212s] Level 1:colcon.colcon_core.package_discovery:discover_packages(path) check parameters
[0.212s] Level 1:colcon.colcon_core.package_discovery:discover_packages(colcon_meta) discover
[0.212s] Level 1:colcon.colcon_core.package_discovery:discover_packages(recursive) discover
[0.212s] INFO:colcon.colcon_core.package_discovery:Crawling recursively for packages in '/home/avent/Public/MyProjects/FishBot/ROS2'
[0.212s] Level 1:colcon.colcon_core.package_identification:_identify(.) by extensions ['ignore', 'ignore_ament_install']
[0.212s] Level 1:colcon.colcon_core.package_identification:_identify(.) by extension 'ignore'
[0.212s] Level 1:colcon.colcon_core.package_identification:_identify(.) by extension 'ignore_ament_install'
[0.212s] Level 1:colcon.colcon_core.package_identification:_identify(.) by extensions ['colcon_pkg']
[0.212s] Level 1:colcon.colcon_core.package_identification:_identify(.) by extension 'colcon_pkg'
[0.212s] Level 1:colcon.colcon_core.package_identification:_identify(.) by extensions ['colcon_meta']
[0.212s] Level 1:colcon.colcon_core.package_identification:_identify(.) by extension 'colcon_meta'
[0.212s] Level 1:colcon.colcon_core.package_identification:_identify(.) by extensions ['ros']
[0.212s] Level 1:colcon.colcon_core.package_identification:_identify(.) by extension 'ros'
[0.219s] Level 1:colcon.colcon_core.package_identification:_identify(.) by extensions ['cmake', 'python']
[0.219s] Level 1:colcon.colcon_core.package_identification:_identify(.) by extension 'cmake'
[0.219s] Level 1:colcon.colcon_core.package_identification:_identify(.) by extension 'python'
[0.219s] Level 1:colcon.colcon_core.package_identification:_identify(.) by extensions ['python_setup_py']
[0.219s] Level 1:colcon.colcon_core.package_identification:_identify(.) by extension 'python_setup_py'
[0.219s] Level 1:colcon.colcon_core.package_identification:_identify(build) by extensions ['ignore', 'ignore_ament_install']
[0.219s] Level 1:colcon.colcon_core.package_identification:_identify(build) by extension 'ignore'
[0.219s] Level 1:colcon.colcon_core.package_identification:_identify(build) ignored
[0.219s] Level 1:colcon.colcon_core.package_identification:_identify(install) by extensions ['ignore', 'ignore_ament_install']
[0.219s] Level 1:colcon.colcon_core.package_identification:_identify(install) by extension 'ignore'
[0.219s] Level 1:colcon.colcon_core.package_identification:_identify(install) ignored
[0.219s] Level 1:colcon.colcon_core.package_identification:_identify(log) by extensions ['ignore', 'ignore_ament_install']
[0.220s] Level 1:colcon.colcon_core.package_identification:_identify(log) by extension 'ignore'
[0.220s] Level 1:colcon.colcon_core.package_identification:_identify(log) ignored
[0.220s] Level 1:colcon.colcon_core.package_identification:_identify(src) by extensions ['ignore', 'ignore_ament_install']
[0.220s] Level 1:colcon.colcon_core.package_identification:_identify(src) by extension 'ignore'
[0.220s] Level 1:colcon.colcon_core.package_identification:_identify(src) by extension 'ignore_ament_install'
[0.220s] Level 1:colcon.colcon_core.package_identification:_identify(src) by extensions ['colcon_pkg']
[0.220s] Level 1:colcon.colcon_core.package_identification:_identify(src) by extension 'colcon_pkg'
[0.220s] Level 1:colcon.colcon_core.package_identification:_identify(src) by extensions ['colcon_meta']
[0.220s] Level 1:colcon.colcon_core.package_identification:_identify(src) by extension 'colcon_meta'
[0.220s] Level 1:colcon.colcon_core.package_identification:_identify(src) by extensions ['ros']
[0.220s] Level 1:colcon.colcon_core.package_identification:_identify(src) by extension 'ros'
[0.220s] Level 1:colcon.colcon_core.package_identification:_identify(src) by extensions ['cmake', 'python']
[0.220s] Level 1:colcon.colcon_core.package_identification:_identify(src) by extension 'cmake'
[0.220s] Level 1:colcon.colcon_core.package_identification:_identify(src) by extension 'python'
[0.220s] Level 1:colcon.colcon_core.package_identification:_identify(src) by extensions ['python_setup_py']
[0.220s] Level 1:colcon.colcon_core.package_identification:_identify(src) by extension 'python_setup_py'
[0.220s] Level 1:colcon.colcon_core.package_identification:_identify(src/fishbot) by extensions ['ignore', 'ignore_ament_install']
[0.220s] Level 1:colcon.colcon_core.package_identification:_identify(src/fishbot) by extension 'ignore'
[0.220s] Level 1:colcon.colcon_core.package_identification:_identify(src/fishbot) by extension 'ignore_ament_install'
[0.220s] Level 1:colcon.colcon_core.package_identification:_identify(src/fishbot) by extensions ['colcon_pkg']
[0.220s] Level 1:colcon.colcon_core.package_identification:_identify(src/fishbot) by extension 'colcon_pkg'
[0.220s] Level 1:colcon.colcon_core.package_identification:_identify(src/fishbot) by extensions ['colcon_meta']
[0.220s] Level 1:colcon.colcon_core.package_identification:_identify(src/fishbot) by extension 'colcon_meta'
[0.220s] Level 1:colcon.colcon_core.package_identification:_identify(src/fishbot) by extensions ['ros']
[0.220s] Level 1:colcon.colcon_core.package_identification:_identify(src/fishbot) by extension 'ros'
[0.222s] DEBUG:colcon.colcon_core.package_identification:Package 'src/fishbot' with type 'ros.ament_cmake' and name 'fishbot'
[0.222s] Level 1:colcon.colcon_core.package_identification:_identify(src/fishbot_description) by extensions ['ignore', 'ignore_ament_install']
[0.222s] Level 1:colcon.colcon_core.package_identification:_identify(src/fishbot_description) by extension 'ignore'
[0.222s] Level 1:colcon.colcon_core.package_identification:_identify(src/fishbot_description) by extension 'ignore_ament_install'
[0.222s] Level 1:colcon.colcon_core.package_identification:_identify(src/fishbot_description) by extensions ['colcon_pkg']
[0.222s] Level 1:colcon.colcon_core.package_identification:_identify(src/fishbot_description) by extension 'colcon_pkg'
[0.222s] Level 1:colcon.colcon_core.package_identification:_identify(src/fishbot_description) by extensions ['colcon_meta']
[0.222s] Level 1:colcon.colcon_core.package_identification:_identify(src/fishbot_description) by extension 'colcon_meta'
[0.222s] Level 1:colcon.colcon_core.package_identification:_identify(src/fishbot_description) by extensions ['ros']
[0.222s] Level 1:colcon.colcon_core.package_identification:_identify(src/fishbot_description) by extension 'ros'
[0.223s] DEBUG:colcon.colcon_core.package_identification:Package 'src/fishbot_description' with type 'ros.ament_cmake' and name 'fishbot_description'
[0.223s] Level 1:colcon.colcon_core.package_discovery:discover_packages(recursive) using defaults
[0.223s] Level 1:colcon.colcon_core.package_discovery:discover_packages(ignore) discover
[0.223s] Level 1:colcon.colcon_core.package_discovery:discover_packages(ignore) using defaults
[0.223s] Level 1:colcon.colcon_core.package_discovery:discover_packages(path) discover
[0.223s] Level 1:colcon.colcon_core.package_discovery:discover_packages(path) using defaults
[0.238s] Level 1:colcon.colcon_core.package_discovery:discover_packages(prefix_path) check parameters
[0.238s] Level 1:colcon.colcon_core.package_discovery:discover_packages(prefix_path) discover
[0.239s] DEBUG:colcon.colcon_installed_package_information.package_discovery:Found 1 installed packages in /home/avent/Public/MyProjects/FishBot/ROS2/install
[0.240s] DEBUG:colcon.colcon_installed_package_information.package_discovery:Found 375 installed packages in /opt/ros/humble
[0.241s] Level 1:colcon.colcon_core.package_discovery:discover_packages(prefix_path) using defaults
[0.281s] Level 5:colcon.colcon_core.verb:set package 'fishbot' build argument 'cmake_args' from command line to 'None'
[0.281s] Level 5:colcon.colcon_core.verb:set package 'fishbot' build argument 'cmake_target' from command line to 'None'
[0.281s] Level 5:colcon.colcon_core.verb:set package 'fishbot' build argument 'cmake_target_skip_unavailable' from command line to 'False'
[0.281s] Level 5:colcon.colcon_core.verb:set package 'fishbot' build argument 'cmake_clean_cache' from command line to 'False'
[0.281s] Level 5:colcon.colcon_core.verb:set package 'fishbot' build argument 'cmake_clean_first' from command line to 'False'
[0.281s] Level 5:colcon.colcon_core.verb:set package 'fishbot' build argument 'cmake_force_configure' from command line to 'False'
[0.281s] Level 5:colcon.colcon_core.verb:set package 'fishbot' build argument 'ament_cmake_args' from command line to 'None'
[0.281s] Level 5:colcon.colcon_core.verb:set package 'fishbot' build argument 'catkin_cmake_args' from command line to 'None'
[0.281s] Level 5:colcon.colcon_core.verb:set package 'fishbot' build argument 'catkin_skip_building_tests' from command line to 'False'
[0.281s] DEBUG:colcon.colcon_core.verb:Building package 'fishbot' with the following arguments: {'ament_cmake_args': None, 'build_base': '/home/avent/Public/MyProjects/FishBot/ROS2/build/fishbot', 'catkin_cmake_args': None, 'catkin_skip_building_tests': False, 'cmake_args': None, 'cmake_clean_cache': False, 'cmake_clean_first': False, 'cmake_force_configure': False, 'cmake_target': None, 'cmake_target_skip_unavailable': False, 'install_base': '/home/avent/Public/MyProjects/FishBot/ROS2/install/fishbot', 'merge_install': False, 'path': '/home/avent/Public/MyProjects/FishBot/ROS2/src/fishbot', 'symlink_install': False, 'test_result_base': None}
[0.282s] Level 5:colcon.colcon_core.verb:set package 'fishbot_description' build argument 'cmake_args' from command line to 'None'
[0.282s] Level 5:colcon.colcon_core.verb:set package 'fishbot_description' build argument 'cmake_target' from command line to 'None'
[0.282s] Level 5:colcon.colcon_core.verb:set package 'fishbot_description' build argument 'cmake_target_skip_unavailable' from command line to 'False'
[0.282s] Level 5:colcon.colcon_core.verb:set package 'fishbot_description' build argument 'cmake_clean_cache' from command line to 'False'
[0.282s] Level 5:colcon.colcon_core.verb:set package 'fishbot_description' build argument 'cmake_clean_first' from command line to 'False'
[0.282s] Level 5:colcon.colcon_core.verb:set package 'fishbot_description' build argument 'cmake_force_configure' from command line to 'False'
[0.282s] Level 5:colcon.colcon_core.verb:set package 'fishbot_description' build argument 'ament_cmake_args' from command line to 'None'
[0.282s] Level 5:colcon.colcon_core.verb:set package 'fishbot_description' build argument 'catkin_cmake_args' from command line to 'None'
[0.282s] Level 5:colcon.colcon_core.verb:set package 'fishbot_description' build argument 'catkin_skip_building_tests' from command line to 'False'
[0.282s] DEBUG:colcon.colcon_core.verb:Building package 'fishbot_description' with the following arguments: {'ament_cmake_args': None, 'build_base': '/home/avent/Public/MyProjects/FishBot/ROS2/build/fishbot_description', 'catkin_cmake_args': None, 'catkin_skip_building_tests': False, 'cmake_args': None, 'cmake_clean_cache': False, 'cmake_clean_first': False, 'cmake_force_configure': False, 'cmake_target': None, 'cmake_target_skip_unavailable': False, 'install_base': '/home/avent/Public/MyProjects/FishBot/ROS2/install/fishbot_description', 'merge_install': False, 'path': '/home/avent/Public/MyProjects/FishBot/ROS2/src/fishbot_description', 'symlink_install': False, 'test_result_base': None}
[0.282s] INFO:colcon.colcon_core.executor:Executing jobs using 'parallel' executor
[0.284s] DEBUG:colcon.colcon_parallel_executor.executor.parallel:run_until_complete
[0.284s] INFO:colcon.colcon_ros.task.ament_cmake.build:Building ROS package in '/home/avent/Public/MyProjects/FishBot/ROS2/src/fishbot' with build type 'ament_cmake'
[0.284s] INFO:colcon.colcon_cmake.task.cmake.build:Building CMake package in '/home/avent/Public/MyProjects/FishBot/ROS2/src/fishbot'
[0.287s] INFO:colcon.colcon_core.plugin_system:Skipping extension 'colcon_core.shell.bat': Not used on non-Windows systems
[0.287s] INFO:colcon.colcon_core.shell:Skip shell extension 'powershell' for command environment: Not usable outside of PowerShell
[0.287s] DEBUG:colcon.colcon_core.shell:Skip shell extension 'dsv' for command environment
[0.290s] INFO:colcon.colcon_ros.task.ament_cmake.build:Building ROS package in '/home/avent/Public/MyProjects/FishBot/ROS2/src/fishbot_description' with build type 'ament_cmake'
[0.290s] INFO:colcon.colcon_cmake.task.cmake.build:Building CMake package in '/home/avent/Public/MyProjects/FishBot/ROS2/src/fishbot_description'
[0.291s] INFO:colcon.colcon_core.shell:Skip shell extension 'powershell' for command environment: Not usable outside of PowerShell
[0.291s] DEBUG:colcon.colcon_core.shell:Skip shell extension 'dsv' for command environment
[0.297s] DEBUG:colcon.colcon_core.event_handler.log_command:Invoking command in '/home/avent/Public/MyProjects/FishBot/ROS2/build/fishbot': CMAKE_PREFIX_PATH=${CMAKE_PREFIX_PATH}:/opt/ros/humble /usr/bin/cmake /home/avent/Public/MyProjects/FishBot/ROS2/src/fishbot -DCMAKE_INSTALL_PREFIX=/home/avent/Public/MyProjects/FishBot/ROS2/install/fishbot
[0.300s] DEBUG:colcon.colcon_core.event_handler.log_command:Invoking command in '/home/avent/Public/MyProjects/FishBot/ROS2/build/fishbot_description': CMAKE_PREFIX_PATH=${CMAKE_PREFIX_PATH}:/opt/ros/humble /usr/bin/cmake --build /home/avent/Public/MyProjects/FishBot/ROS2/build/fishbot_description -- -j16 -l16
[0.323s] DEBUG:colcon.colcon_core.event_handler.log_command:Invoked command in '/home/avent/Public/MyProjects/FishBot/ROS2/build/fishbot_description' returned '0': CMAKE_PREFIX_PATH=${CMAKE_PREFIX_PATH}:/opt/ros/humble /usr/bin/cmake --build /home/avent/Public/MyProjects/FishBot/ROS2/build/fishbot_description -- -j16 -l16
[0.339s] DEBUG:colcon.colcon_core.event_handler.log_command:Invoking command in '/home/avent/Public/MyProjects/FishBot/ROS2/build/fishbot_description': CMAKE_PREFIX_PATH=${CMAKE_PREFIX_PATH}:/opt/ros/humble /usr/bin/cmake --install /home/avent/Public/MyProjects/FishBot/ROS2/build/fishbot_description
[0.345s] Level 1:colcon.colcon_core.environment:create_environment_scripts_only(fishbot_description)
[0.345s] DEBUG:colcon.colcon_core.event_handler.log_command:Invoked command in '/home/avent/Public/MyProjects/FishBot/ROS2/build/fishbot_description' returned '0': CMAKE_PREFIX_PATH=${CMAKE_PREFIX_PATH}:/opt/ros/humble /usr/bin/cmake --install /home/avent/Public/MyProjects/FishBot/ROS2/build/fishbot_description
[0.348s] Level 1:colcon.colcon_core.environment:checking '/home/avent/Public/MyProjects/FishBot/ROS2/install/fishbot_description' for CMake module files
[0.348s] Level 1:colcon.colcon_core.environment:checking '/home/avent/Public/MyProjects/FishBot/ROS2/install/fishbot_description' for CMake config files
[0.348s] Level 1:colcon.colcon_core.shell:create_environment_hook('fishbot_description', 'cmake_prefix_path')
[0.349s] INFO:colcon.colcon_core.shell:Creating environment hook '/home/avent/Public/MyProjects/FishBot/ROS2/install/fishbot_description/share/fishbot_description/hook/cmake_prefix_path.ps1'
[0.349s] INFO:colcon.colcon_core.shell:Creating environment descriptor '/home/avent/Public/MyProjects/FishBot/ROS2/install/fishbot_description/share/fishbot_description/hook/cmake_prefix_path.dsv'
[0.350s] INFO:colcon.colcon_core.shell:Creating environment hook '/home/avent/Public/MyProjects/FishBot/ROS2/install/fishbot_description/share/fishbot_description/hook/cmake_prefix_path.sh'
[0.350s] Level 1:colcon.colcon_core.environment:checking '/home/avent/Public/MyProjects/FishBot/ROS2/install/fishbot_description/bin'
[0.350s] Level 1:colcon.colcon_core.environment:checking '/home/avent/Public/MyProjects/FishBot/ROS2/install/fishbot_description/lib/pkgconfig/fishbot_description.pc'
[0.350s] Level 1:colcon.colcon_core.environment:checking '/home/avent/Public/MyProjects/FishBot/ROS2/install/fishbot_description/lib/python3.10/site-packages'
[0.350s] Level 1:colcon.colcon_core.environment:checking '/home/avent/Public/MyProjects/FishBot/ROS2/install/fishbot_description/bin'
[0.351s] INFO:colcon.colcon_core.shell:Creating package script '/home/avent/Public/MyProjects/FishBot/ROS2/install/fishbot_description/share/fishbot_description/package.ps1'
[0.352s] INFO:colcon.colcon_core.shell:Creating package descriptor '/home/avent/Public/MyProjects/FishBot/ROS2/install/fishbot_description/share/fishbot_description/package.dsv'
[0.352s] INFO:colcon.colcon_core.shell:Creating package script '/home/avent/Public/MyProjects/FishBot/ROS2/install/fishbot_description/share/fishbot_description/package.sh'
[0.352s] INFO:colcon.colcon_core.shell:Creating package script '/home/avent/Public/MyProjects/FishBot/ROS2/install/fishbot_description/share/fishbot_description/package.bash'
[0.353s] INFO:colcon.colcon_core.shell:Creating package script '/home/avent/Public/MyProjects/FishBot/ROS2/install/fishbot_description/share/fishbot_description/package.zsh'
[0.353s] Level 1:colcon.colcon_core.environment:create_file_with_runtime_dependencies(/home/avent/Public/MyProjects/FishBot/ROS2/install/fishbot_description/share/colcon-core/packages/fishbot_description)
[0.366s] Level 1:colcon.colcon_core.environment:create_environment_scripts_only(fishbot_description)
[0.367s] Level 1:colcon.colcon_core.environment:checking '/home/avent/Public/MyProjects/FishBot/ROS2/install/fishbot_description' for CMake module files
[0.367s] Level 1:colcon.colcon_core.environment:checking '/home/avent/Public/MyProjects/FishBot/ROS2/install/fishbot_description' for CMake config files
[0.367s] Level 1:colcon.colcon_core.shell:create_environment_hook('fishbot_description', 'cmake_prefix_path')
[0.368s] INFO:colcon.colcon_core.shell:Creating environment hook '/home/avent/Public/MyProjects/FishBot/ROS2/install/fishbot_description/share/fishbot_description/hook/cmake_prefix_path.ps1'
[0.368s] INFO:colcon.colcon_core.shell:Creating environment descriptor '/home/avent/Public/MyProjects/FishBot/ROS2/install/fishbot_description/share/fishbot_description/hook/cmake_prefix_path.dsv'
[0.369s] INFO:colcon.colcon_core.shell:Creating environment hook '/home/avent/Public/MyProjects/FishBot/ROS2/install/fishbot_description/share/fishbot_description/hook/cmake_prefix_path.sh'
[0.369s] Level 1:colcon.colcon_core.environment:checking '/home/avent/Public/MyProjects/FishBot/ROS2/install/fishbot_description/bin'
[0.369s] Level 1:colcon.colcon_core.environment:checking '/home/avent/Public/MyProjects/FishBot/ROS2/install/fishbot_description/lib/pkgconfig/fishbot_description.pc'
[0.369s] Level 1:colcon.colcon_core.environment:checking '/home/avent/Public/MyProjects/FishBot/ROS2/install/fishbot_description/lib/python3.10/site-packages'
[0.369s] Level 1:colcon.colcon_core.environment:checking '/home/avent/Public/MyProjects/FishBot/ROS2/install/fishbot_description/bin'
[0.370s] INFO:colcon.colcon_core.shell:Creating package script '/home/avent/Public/MyProjects/FishBot/ROS2/install/fishbot_description/share/fishbot_description/package.ps1'
[0.370s] INFO:colcon.colcon_core.shell:Creating package descriptor '/home/avent/Public/MyProjects/FishBot/ROS2/install/fishbot_description/share/fishbot_description/package.dsv'
[0.370s] INFO:colcon.colcon_core.shell:Creating package script '/home/avent/Public/MyProjects/FishBot/ROS2/install/fishbot_description/share/fishbot_description/package.sh'
[0.371s] INFO:colcon.colcon_core.shell:Creating package script '/home/avent/Public/MyProjects/FishBot/ROS2/install/fishbot_description/share/fishbot_description/package.bash'
[0.371s] INFO:colcon.colcon_core.shell:Creating package script '/home/avent/Public/MyProjects/FishBot/ROS2/install/fishbot_description/share/fishbot_description/package.zsh'
[0.371s] Level 1:colcon.colcon_core.environment:create_file_with_runtime_dependencies(/home/avent/Public/MyProjects/FishBot/ROS2/install/fishbot_description/share/colcon-core/packages/fishbot_description)
[1.521s] DEBUG:colcon.colcon_core.event_handler.log_command:Invoked command in '/home/avent/Public/MyProjects/FishBot/ROS2/build/fishbot' returned '0': CMAKE_PREFIX_PATH=${CMAKE_PREFIX_PATH}:/opt/ros/humble /usr/bin/cmake /home/avent/Public/MyProjects/FishBot/ROS2/src/fishbot -DCMAKE_INSTALL_PREFIX=/home/avent/Public/MyProjects/FishBot/ROS2/install/fishbot
[1.522s] DEBUG:colcon.colcon_core.event_handler.log_command:Invoking command in '/home/avent/Public/MyProjects/FishBot/ROS2/build/fishbot': CMAKE_PREFIX_PATH=${CMAKE_PREFIX_PATH}:/opt/ros/humble /usr/bin/cmake --build /home/avent/Public/MyProjects/FishBot/ROS2/build/fishbot -- -j16 -l16
[7.413s] DEBUG:colcon.colcon_core.event_handler.log_command:Invoked command in '/home/avent/Public/MyProjects/FishBot/ROS2/build/fishbot' returned '0': CMAKE_PREFIX_PATH=${CMAKE_PREFIX_PATH}:/opt/ros/humble /usr/bin/cmake --build /home/avent/Public/MyProjects/FishBot/ROS2/build/fishbot -- -j16 -l16
[7.427s] DEBUG:colcon.colcon_core.event_handler.log_command:Invoking command in '/home/avent/Public/MyProjects/FishBot/ROS2/build/fishbot': CMAKE_PREFIX_PATH=${CMAKE_PREFIX_PATH}:/opt/ros/humble /usr/bin/cmake --install /home/avent/Public/MyProjects/FishBot/ROS2/build/fishbot
[7.436s] Level 1:colcon.colcon_core.environment:create_environment_scripts_only(fishbot)
[7.437s] Level 1:colcon.colcon_core.environment:checking '/home/avent/Public/MyProjects/FishBot/ROS2/install/fishbot' for CMake module files
[7.438s] DEBUG:colcon.colcon_core.event_handler.log_command:Invoked command in '/home/avent/Public/MyProjects/FishBot/ROS2/build/fishbot' returned '0': CMAKE_PREFIX_PATH=${CMAKE_PREFIX_PATH}:/opt/ros/humble /usr/bin/cmake --install /home/avent/Public/MyProjects/FishBot/ROS2/build/fishbot
[7.438s] Level 1:colcon.colcon_core.environment:checking '/home/avent/Public/MyProjects/FishBot/ROS2/install/fishbot' for CMake config files
[7.438s] Level 1:colcon.colcon_core.shell:create_environment_hook('fishbot', 'cmake_prefix_path')
[7.439s] INFO:colcon.colcon_core.shell:Creating environment hook '/home/avent/Public/MyProjects/FishBot/ROS2/install/fishbot/share/fishbot/hook/cmake_prefix_path.ps1'
[7.439s] INFO:colcon.colcon_core.shell:Creating environment descriptor '/home/avent/Public/MyProjects/FishBot/ROS2/install/fishbot/share/fishbot/hook/cmake_prefix_path.dsv'
[7.439s] INFO:colcon.colcon_core.shell:Creating environment hook '/home/avent/Public/MyProjects/FishBot/ROS2/install/fishbot/share/fishbot/hook/cmake_prefix_path.sh'
[7.439s] Level 1:colcon.colcon_core.environment:checking '/home/avent/Public/MyProjects/FishBot/ROS2/install/fishbot/lib'
[7.440s] Level 1:colcon.colcon_core.environment:checking '/home/avent/Public/MyProjects/FishBot/ROS2/install/fishbot/bin'
[7.440s] Level 1:colcon.colcon_core.environment:checking '/home/avent/Public/MyProjects/FishBot/ROS2/install/fishbot/lib/pkgconfig/fishbot.pc'
[7.440s] Level 1:colcon.colcon_core.environment:checking '/home/avent/Public/MyProjects/FishBot/ROS2/install/fishbot/lib/python3.10/site-packages'
[7.440s] Level 1:colcon.colcon_core.environment:checking '/home/avent/Public/MyProjects/FishBot/ROS2/install/fishbot/bin'
[7.441s] INFO:colcon.colcon_core.shell:Creating package script '/home/avent/Public/MyProjects/FishBot/ROS2/install/fishbot/share/fishbot/package.ps1'
[7.441s] INFO:colcon.colcon_core.shell:Creating package descriptor '/home/avent/Public/MyProjects/FishBot/ROS2/install/fishbot/share/fishbot/package.dsv'
[7.441s] INFO:colcon.colcon_core.shell:Creating package script '/home/avent/Public/MyProjects/FishBot/ROS2/install/fishbot/share/fishbot/package.sh'
[7.441s] INFO:colcon.colcon_core.shell:Creating package script '/home/avent/Public/MyProjects/FishBot/ROS2/install/fishbot/share/fishbot/package.bash'
[7.441s] INFO:colcon.colcon_core.shell:Creating package script '/home/avent/Public/MyProjects/FishBot/ROS2/install/fishbot/share/fishbot/package.zsh'
[7.441s] Level 1:colcon.colcon_core.environment:create_file_with_runtime_dependencies(/home/avent/Public/MyProjects/FishBot/ROS2/install/fishbot/share/colcon-core/packages/fishbot)
[7.456s] Level 1:colcon.colcon_core.environment:create_environment_scripts_only(fishbot)
[7.457s] Level 1:colcon.colcon_core.environment:checking '/home/avent/Public/MyProjects/FishBot/ROS2/install/fishbot' for CMake module files
[7.457s] Level 1:colcon.colcon_core.environment:checking '/home/avent/Public/MyProjects/FishBot/ROS2/install/fishbot' for CMake config files
[7.458s] Level 1:colcon.colcon_core.shell:create_environment_hook('fishbot', 'cmake_prefix_path')
[7.458s] INFO:colcon.colcon_core.shell:Creating environment hook '/home/avent/Public/MyProjects/FishBot/ROS2/install/fishbot/share/fishbot/hook/cmake_prefix_path.ps1'
[7.459s] INFO:colcon.colcon_core.shell:Creating environment descriptor '/home/avent/Public/MyProjects/FishBot/ROS2/install/fishbot/share/fishbot/hook/cmake_prefix_path.dsv'
[7.459s] INFO:colcon.colcon_core.shell:Creating environment hook '/home/avent/Public/MyProjects/FishBot/ROS2/install/fishbot/share/fishbot/hook/cmake_prefix_path.sh'
[7.459s] Level 1:colcon.colcon_core.environment:checking '/home/avent/Public/MyProjects/FishBot/ROS2/install/fishbot/lib'
[7.459s] Level 1:colcon.colcon_core.environment:checking '/home/avent/Public/MyProjects/FishBot/ROS2/install/fishbot/bin'
[7.459s] Level 1:colcon.colcon_core.environment:checking '/home/avent/Public/MyProjects/FishBot/ROS2/install/fishbot/lib/pkgconfig/fishbot.pc'
[7.459s] Level 1:colcon.colcon_core.environment:checking '/home/avent/Public/MyProjects/FishBot/ROS2/install/fishbot/lib/python3.10/site-packages'
[7.459s] Level 1:colcon.colcon_core.environment:checking '/home/avent/Public/MyProjects/FishBot/ROS2/install/fishbot/bin'
[7.460s] INFO:colcon.colcon_core.shell:Creating package script '/home/avent/Public/MyProjects/FishBot/ROS2/install/fishbot/share/fishbot/package.ps1'
[7.460s] INFO:colcon.colcon_core.shell:Creating package descriptor '/home/avent/Public/MyProjects/FishBot/ROS2/install/fishbot/share/fishbot/package.dsv'
[7.461s] INFO:colcon.colcon_core.shell:Creating package script '/home/avent/Public/MyProjects/FishBot/ROS2/install/fishbot/share/fishbot/package.sh'
[7.461s] INFO:colcon.colcon_core.shell:Creating package script '/home/avent/Public/MyProjects/FishBot/ROS2/install/fishbot/share/fishbot/package.bash'
[7.461s] INFO:colcon.colcon_core.shell:Creating package script '/home/avent/Public/MyProjects/FishBot/ROS2/install/fishbot/share/fishbot/package.zsh'
[7.461s] Level 1:colcon.colcon_core.environment:create_file_with_runtime_dependencies(/home/avent/Public/MyProjects/FishBot/ROS2/install/fishbot/share/colcon-core/packages/fishbot)
[7.461s] DEBUG:colcon.colcon_parallel_executor.executor.parallel:closing loop
[7.462s] DEBUG:colcon.colcon_parallel_executor.executor.parallel:loop closed
[7.462s] DEBUG:colcon.colcon_parallel_executor.executor.parallel:run_until_complete finished with '0'
[7.462s] DEBUG:colcon.colcon_core.event_reactor:joining thread
[7.465s] INFO:colcon.colcon_core.plugin_system:Skipping extension 'colcon_notification.desktop_notification.terminal_notifier': Not used on non-Darwin systems
[7.465s] INFO:colcon.colcon_core.plugin_system:Skipping extension 'colcon_notification.desktop_notification.win32': Not used on non-Windows systems
[7.465s] INFO:colcon.colcon_notification.desktop_notification:Sending desktop notification using 'notify2'
[7.473s] DEBUG:colcon.colcon_core.event_reactor:joined thread
[7.474s] INFO:colcon.colcon_core.shell:Creating prefix script '/home/avent/Public/MyProjects/FishBot/ROS2/install/local_setup.ps1'
[7.475s] INFO:colcon.colcon_core.shell:Creating prefix util module '/home/avent/Public/MyProjects/FishBot/ROS2/install/_local_setup_util_ps1.py'
[7.475s] INFO:colcon.colcon_core.shell:Creating prefix chain script '/home/avent/Public/MyProjects/FishBot/ROS2/install/setup.ps1'
[7.476s] INFO:colcon.colcon_core.shell:Creating prefix script '/home/avent/Public/MyProjects/FishBot/ROS2/install/local_setup.sh'
[7.477s] INFO:colcon.colcon_core.shell:Creating prefix util module '/home/avent/Public/MyProjects/FishBot/ROS2/install/_local_setup_util_sh.py'
[7.477s] INFO:colcon.colcon_core.shell:Creating prefix chain script '/home/avent/Public/MyProjects/FishBot/ROS2/install/setup.sh'
[7.478s] INFO:colcon.colcon_core.shell:Creating prefix script '/home/avent/Public/MyProjects/FishBot/ROS2/install/local_setup.bash'
[7.478s] INFO:colcon.colcon_core.shell:Creating prefix chain script '/home/avent/Public/MyProjects/FishBot/ROS2/install/setup.bash'
[7.479s] INFO:colcon.colcon_core.shell:Creating prefix script '/home/avent/Public/MyProjects/FishBot/ROS2/install/local_setup.zsh'
[7.479s] INFO:colcon.colcon_core.shell:Creating prefix chain script '/home/avent/Public/MyProjects/FishBot/ROS2/install/setup.zsh'
